# JRE version: OpenJDK Runtime Environment Temurin-21.0.8+9 (21.0.8+9) (build 21.0.8+9-LTS)
# Java VM: OpenJDK 64-Bit Server VM Temurin-21.0.8+9 (21.0.8+9-LTS, mixed mode, sharing, tiered, compressed oops, compressed class ptrs, parallel gc, windows-amd64)
GC Precious Log:
 CardTable entry size: 512
 CPUs: 8 total, 8 available
 Memory: 7998M
 Large Page Support: Disabled
 NUMA Support: Disabled
 Compressed Oops: Enabled (32-bit)
 Alignments: Space 512K, Generation 512K, Heap 2M
 Heap Min Capacity: 100M
 Heap Initial Capacity: 100M
 Heap Max Capacity: 2G
 Pre-touch: Disabled
 Parallel Workers: 8
Heap:
 PSYoungGen      total 3584K, used 1678K [0x00000000d5580000, 0x00000000d6100000, 0x0000000100000000)
  eden space 3072K, 49% used [0x00000000d5580000,0x00000000d56fb9f8,0x00000000d5880000)
  from space 512K, 31% used [0x00000000d6080000,0x00000000d60a8000,0x00000000d6100000)
  to   space 512K, 0% used [0x00000000d6000000,0x00000000d6000000,0x00000000d6080000)
 ParOldGen       total 238080K, used 237925K [0x0000000080000000, 0x000000008e880000, 0x00000000d5580000)
  object space 238080K, 99% used [0x0000000080000000,0x000000008e859490,0x000000008e880000)
 Metaspace       used 70382K, committed 72064K, reserved 1114112K
  class space    used 7297K, committed 8000K, reserved 1048576K
GC Heap History (20 events):
Event: 664.140 GC heap before
{Heap before GC invocations=270 (full 3):
 PSYoungGen      total 17408K, used 17376K [0x00000000d5580000, 0x00000000d7180000, 0x0000000100000000)
  eden space 9728K, 100% used [0x00000000d5580000,0x00000000d5f00000,0x00000000d5f00000)
  from space 7680K, 99% used [0x00000000d6a00000,0x00000000d7178000,0x00000000d7180000)
  to   space 8704K, 0% used [0x00000000d6080000,0x00000000d6080000,0x00000000d6900000)
 ParOldGen       total 211456K, used 210965K [0x0000000080000000, 0x000000008ce80000, 0x00000000d5580000)
  object space 211456K, 99% used [0x0000000080000000,0x000000008ce05490,0x000000008ce80000)
 Metaspace       used 70278K, committed 71936K, reserved 1114112K
  class space    used 7295K, committed 8000K, reserved 1048576K
}
Event: 664.155 GC heap after
{Heap after GC invocations=270 (full 3):
 PSYoungGen      total 17408K, used 7552K [0x00000000d5580000, 0x00000000d6f00000, 0x0000000100000000)
  eden space 9728K, 0% used [0x00000000d5580000,0x00000000d5580000,0x00000000d5f00000)
  from space 7680K, 98% used [0x00000000d6080000,0x00000000d67e0000,0x00000000d6800000)
  to   space 7168K, 0% used [0x00000000d6800000,0x00000000d6800000,0x00000000d6f00000)
 ParOldGen       total 218624K, used 218541K [0x0000000080000000, 0x000000008d580000, 0x00000000d5580000)
  object space 218624K, 99% used [0x0000000080000000,0x000000008d56b490,0x000000008d580000)
 Metaspace       used 70278K, committed 71936K, reserved 1114112K
  class space    used 7295K, committed 8000K, reserved 1048576K
}
Event: 664.211 GC heap before
{Heap before GC invocations=271 (full 3):
 PSYoungGen      total 17408K, used 17280K [0x00000000d5580000, 0x00000000d6f00000, 0x0000000100000000)
  eden space 9728K, 100% used [0x00000000d5580000,0x00000000d5f00000,0x00000000d5f00000)
  from space 7680K, 98% used [0x00000000d6080000,0x00000000d67e0000,0x00000000d6800000)
  to   space 7168K, 0% used [0x00000000d6800000,0x00000000d6800000,0x00000000d6f00000)
 ParOldGen       total 218624K, used 218541K [0x0000000080000000, 0x000000008d580000, 0x00000000d5580000)
  object space 218624K, 99% used [0x0000000080000000,0x000000008d56b490,0x000000008d580000)
 Metaspace       used 70278K, committed 71936K, reserved 1114112K
  class space    used 7295K, committed 8000K, reserved 1048576K
}
Event: 664.227 GC heap after
{Heap after GC invocations=271 (full 3):
 PSYoungGen      total 9728K, used 7168K [0x00000000d5580000, 0x00000000d7f00000, 0x0000000100000000)
  eden space 2560K, 0% used [0x00000000d5580000,0x00000000d5580000,0x00000000d5800000)
  from space 7168K, 100% used [0x00000000d6800000,0x00000000d6f00000,0x00000000d6f00000)
  to   space 16384K, 0% used [0x00000000d5800000,0x00000000d5800000,0x00000000d6800000)
 ParOldGen       total 226304K, used 226301K [0x0000000080000000, 0x000000008dd00000, 0x00000000d5580000)
  object space 226304K, 99% used [0x0000000080000000,0x000000008dcff490,0x000000008dd00000)
 Metaspace       used 70278K, committed 71936K, reserved 1114112K
  class space    used 7295K, committed 8000K, reserved 1048576K
}
Event: 664.243 GC heap before
{Heap before GC invocations=272 (full 3):
 PSYoungGen      total 9728K, used 9728K [0x00000000d5580000, 0x00000000d7f00000, 0x0000000100000000)
  eden space 2560K, 100% used [0x00000000d5580000,0x00000000d5800000,0x00000000d5800000)
  from space 7168K, 100% used [0x00000000d6800000,0x00000000d6f00000,0x00000000d6f00000)
  to   space 16384K, 0% used [0x00000000d5800000,0x00000000d5800000,0x00000000d6800000)
 ParOldGen       total 226304K, used 226301K [0x0000000080000000, 0x000000008dd00000, 0x00000000d5580000)
  object space 226304K, 99% used [0x0000000080000000,0x000000008dcff490,0x000000008dd00000)
 Metaspace       used 70278K, committed 71936K, reserved 1114112K
  class space    used 7295K, committed 8000K, reserved 1048576K
}
Event: 664.257 GC heap after
{Heap after GC invocations=272 (full 3):
 PSYoungGen      total 5120K, used 2080K [0x00000000d5580000, 0x00000000d6880000, 0x0000000100000000)
  eden space 2560K, 0% used [0x00000000d5580000,0x00000000d5580000,0x00000000d5800000)
  from space 2560K, 81% used [0x00000000d5800000,0x00000000d5a08000,0x00000000d5a80000)
  to   space 7168K, 0% used [0x00000000d6180000,0x00000000d6180000,0x00000000d6880000)
 ParOldGen       total 233472K, used 233453K [0x0000000080000000, 0x000000008e400000, 0x00000000d5580000)
  object space 233472K, 99% used [0x0000000080000000,0x000000008e3fb490,0x000000008e400000)
 Metaspace       used 70278K, committed 71936K, reserved 1114112K
  class space    used 7295K, committed 8000K, reserved 1048576K
}
Event: 664.275 GC heap before
{Heap before GC invocations=273 (full 3):
 PSYoungGen      total 5120K, used 4640K [0x00000000d5580000, 0x00000000d6880000, 0x0000000100000000)
  eden space 2560K, 100% used [0x00000000d5580000,0x00000000d5800000,0x00000000d5800000)
  from space 2560K, 81% used [0x00000000d5800000,0x00000000d5a08000,0x00000000d5a80000)
  to   space 7168K, 0% used [0x00000000d6180000,0x00000000d6180000,0x00000000d6880000)
 ParOldGen       total 233472K, used 233453K [0x0000000080000000, 0x000000008e400000, 0x00000000d5580000)
  object space 233472K, 99% used [0x0000000080000000,0x000000008e3fb490,0x000000008e400000)
 Metaspace       used 70278K, committed 71936K, reserved 1114112K
  class space    used 7295K, committed 8000K, reserved 1048576K
}
Event: 664.282 GC heap after
{Heap after GC invocations=273 (full 3):
 PSYoungGen      total 5632K, used 2112K [0x00000000d5580000, 0x00000000d6400000, 0x0000000100000000)
  eden space 3072K, 0% used [0x00000000d5580000,0x00000000d5580000,0x00000000d5880000)
  from space 2560K, 82% used [0x00000000d6180000,0x00000000d6390000,0x00000000d6400000)
  to   space 3072K, 0% used [0x00000000d5e00000,0x00000000d5e00000,0x00000000d6100000)
 ParOldGen       total 235520K, used 235429K [0x0000000080000000, 0x000000008e600000, 0x00000000d5580000)
  object space 235520K, 99% used [0x0000000080000000,0x000000008e5e9490,0x000000008e600000)
 Metaspace       used 70278K, committed 71936K, reserved 1114112K
  class space    used 7295K, committed 8000K, reserved 1048576K
}
Event: 1211.538 GC heap before
{Heap before GC invocations=274 (full 3):
 PSYoungGen      total 5632K, used 5184K [0x00000000d5580000, 0x00000000d6400000, 0x0000000100000000)
  eden space 3072K, 100% used [0x00000000d5580000,0x00000000d5880000,0x00000000d5880000)
  from space 2560K, 82% used [0x00000000d6180000,0x00000000d6390000,0x00000000d6400000)
  to   space 3072K, 0% used [0x00000000d5e00000,0x00000000d5e00000,0x00000000d6100000)
 ParOldGen       total 235520K, used 235429K [0x0000000080000000, 0x000000008e600000, 0x00000000d5580000)
  object space 235520K, 99% used [0x0000000080000000,0x000000008e5e9490,0x000000008e600000)
 Metaspace       used 70300K, committed 71936K, reserved 1114112K
  class space    used 7295K, committed 8000K, reserved 1048576K
}
Event: 1211.773 GC heap after
{Heap after GC invocations=274 (full 3):
 PSYoungGen      total 4096K, used 608K [0x00000000d5580000, 0x00000000d6200000, 0x0000000100000000)
  eden space 3072K, 0% used [0x00000000d5580000,0x00000000d5580000,0x00000000d5880000)
  from space 1024K, 59% used [0x00000000d5e00000,0x00000000d5e98000,0x00000000d5f00000)
  to   space 1536K, 0% used [0x00000000d6080000,0x00000000d6080000,0x00000000d6200000)
 ParOldGen       total 237568K, used 237397K [0x0000000080000000, 0x000000008e800000, 0x00000000d5580000)
  object space 237568K, 99% used [0x0000000080000000,0x000000008e7d5490,0x000000008e800000)
 Metaspace       used 70300K, committed 71936K, reserved 1114112K
  class space    used 7295K, committed 8000K, reserved 1048576K
}
Event: 1676.373 GC heap before
{Heap before GC invocations=275 (full 3):
 PSYoungGen      total 4096K, used 3680K [0x00000000d5580000, 0x00000000d6200000, 0x0000000100000000)
  eden space 3072K, 100% used [0x00000000d5580000,0x00000000d5880000,0x00000000d5880000)
  from space 1024K, 59% used [0x00000000d5e00000,0x00000000d5e98000,0x00000000d5f00000)
  to   space 1536K, 0% used [0x00000000d6080000,0x00000000d6080000,0x00000000d6200000)
 ParOldGen       total 237568K, used 237397K [0x0000000080000000, 0x000000008e800000, 0x00000000d5580000)
  object space 237568K, 99% used [0x0000000080000000,0x000000008e7d5490,0x000000008e800000)
 Metaspace       used 70313K, committed 71936K, reserved 1114112K
  class space    used 7295K, committed 8000K, reserved 1048576K
}
Event: 1676.488 GC heap after
{Heap after GC invocations=275 (full 3):
 PSYoungGen      total 3584K, used 224K [0x00000000d5580000, 0x00000000d6100000, 0x0000000100000000)
  eden space 3072K, 0% used [0x00000000d5580000,0x00000000d5580000,0x00000000d5880000)
  from space 512K, 43% used [0x00000000d6080000,0x00000000d60b8000,0x00000000d6100000)
  to   space 512K, 0% used [0x00000000d6000000,0x00000000d6000000,0x00000000d6080000)
 ParOldGen       total 238080K, used 237845K [0x0000000080000000, 0x000000008e880000, 0x00000000d5580000)
  object space 238080K, 99% used [0x0000000080000000,0x000000008e845490,0x000000008e880000)
 Metaspace       used 70313K, committed 71936K, reserved 1114112K
  class space    used 7295K, committed 8000K, reserved 1048576K
}
Event: 1821.507 GC heap before
{Heap before GC invocations=276 (full 3):
 PSYoungGen      total 3584K, used 3296K [0x00000000d5580000, 0x00000000d6100000, 0x0000000100000000)
  eden space 3072K, 100% used [0x00000000d5580000,0x00000000d5880000,0x00000000d5880000)
  from space 512K, 43% used [0x00000000d6080000,0x00000000d60b8000,0x00000000d6100000)
  to   space 512K, 0% used [0x00000000d6000000,0x00000000d6000000,0x00000000d6080000)
 ParOldGen       total 238080K, used 237845K [0x0000000080000000, 0x000000008e880000, 0x00000000d5580000)
  object space 238080K, 99% used [0x0000000080000000,0x000000008e845490,0x000000008e880000)
 Metaspace       used 70341K, committed 72000K, reserved 1114112K
  class space    used 7295K, committed 8000K, reserved 1048576K
}
Event: 1821.555 GC heap after
{Heap after GC invocations=276 (full 3):
 PSYoungGen      total 3584K, used 192K [0x00000000d5580000, 0x00000000d6100000, 0x0000000100000000)
  eden space 3072K, 0% used [0x00000000d5580000,0x00000000d5580000,0x00000000d5880000)
  from space 512K, 37% used [0x00000000d6000000,0x00000000d6030000,0x00000000d6080000)
  to   space 512K, 0% used [0x00000000d6080000,0x00000000d6080000,0x00000000d6100000)
 ParOldGen       total 238080K, used 237861K [0x0000000080000000, 0x000000008e880000, 0x00000000d5580000)
  object space 238080K, 99% used [0x0000000080000000,0x000000008e849490,0x000000008e880000)
 Metaspace       used 70341K, committed 72000K, reserved 1114112K
  class space    used 7295K, committed 8000K, reserved 1048576K
}
Event: 2352.645 GC heap before
{Heap before GC invocations=277 (full 3):
 PSYoungGen      total 3584K, used 3264K [0x00000000d5580000, 0x00000000d6100000, 0x0000000100000000)
  eden space 3072K, 100% used [0x00000000d5580000,0x00000000d5880000,0x00000000d5880000)
  from space 512K, 37% used [0x00000000d6000000,0x00000000d6030000,0x00000000d6080000)
  to   space 512K, 0% used [0x00000000d6080000,0x00000000d6080000,0x00000000d6100000)
 ParOldGen       total 238080K, used 237861K [0x0000000080000000, 0x000000008e880000, 0x00000000d5580000)
  object space 238080K, 99% used [0x0000000080000000,0x000000008e849490,0x000000008e880000)
 Metaspace       used 70345K, committed 72000K, reserved 1114112K
  class space    used 7295K, committed 8000K, reserved 1048576K
}
Event: 2352.789 GC heap after
{Heap after GC invocations=277 (full 3):
 PSYoungGen      total 3584K, used 192K [0x00000000d5580000, 0x00000000d6100000, 0x0000000100000000)
  eden space 3072K, 0% used [0x00000000d5580000,0x00000000d5580000,0x00000000d5880000)
  from space 512K, 37% used [0x00000000d6080000,0x00000000d60b0000,0x00000000d6100000)
  to   space 512K, 0% used [0x00000000d6000000,0x00000000d6000000,0x00000000d6080000)
 ParOldGen       total 238080K, used 237885K [0x0000000080000000, 0x000000008e880000, 0x00000000d5580000)
  object space 238080K, 99% used [0x0000000080000000,0x000000008e84f490,0x000000008e880000)
 Metaspace       used 70345K, committed 72000K, reserved 1114112K
  class space    used 7295K, committed 8000K, reserved 1048576K
}
Event: 2587.686 GC heap before
{Heap before GC invocations=278 (full 3):
 PSYoungGen      total 3584K, used 3264K [0x00000000d5580000, 0x00000000d6100000, 0x0000000100000000)
  eden space 3072K, 100% used [0x00000000d5580000,0x00000000d5880000,0x00000000d5880000)
  from space 512K, 37% used [0x00000000d6080000,0x00000000d60b0000,0x00000000d6100000)
  to   space 512K, 0% used [0x00000000d6000000,0x00000000d6000000,0x00000000d6080000)
 ParOldGen       total 238080K, used 237885K [0x0000000080000000, 0x000000008e880000, 0x00000000d5580000)
  object space 238080K, 99% used [0x0000000080000000,0x000000008e84f490,0x000000008e880000)
 Metaspace       used 70361K, committed 72000K, reserved 1114112K
  class space    used 7297K, committed 8000K, reserved 1048576K
}
Event: 2587.701 GC heap after
{Heap after GC invocations=278 (full 3):
 PSYoungGen      total 3584K, used 192K [0x00000000d5580000, 0x00000000d6100000, 0x0000000100000000)
  eden space 3072K, 0% used [0x00000000d5580000,0x00000000d5580000,0x00000000d5880000)
  from space 512K, 37% used [0x00000000d6000000,0x00000000d6030000,0x00000000d6080000)
  to   space 512K, 0% used [0x00000000d6080000,0x00000000d6080000,0x00000000d6100000)
 ParOldGen       total 238080K, used 237909K [0x0000000080000000, 0x000000008e880000, 0x00000000d5580000)
  object space 238080K, 99% used [0x0000000080000000,0x000000008e855490,0x000000008e880000)
 Metaspace       used 70361K, committed 72000K, reserved 1114112K
  class space    used 7297K, committed 8000K, reserved 1048576K
}
Event: 2862.025 GC heap before
{Heap before GC invocations=279 (full 3):
 PSYoungGen      total 3584K, used 3263K [0x00000000d5580000, 0x00000000d6100000, 0x0000000100000000)
  eden space 3072K, 99% used [0x00000000d5580000,0x00000000d587ffb8,0x00000000d5880000)
  from space 512K, 37% used [0x00000000d6000000,0x00000000d6030000,0x00000000d6080000)
  to   space 512K, 0% used [0x00000000d6080000,0x00000000d6080000,0x00000000d6100000)
 ParOldGen       total 238080K, used 237909K [0x0000000080000000, 0x000000008e880000, 0x00000000d5580000)
  object space 238080K, 99% used [0x0000000080000000,0x000000008e855490,0x000000008e880000)
 Metaspace       used 70378K, committed 72064K, reserved 1114112K
  class space    used 7297K, committed 8000K, reserved 1048576K
}
Event: 2862.119 GC heap after
{Heap after GC invocations=279 (full 3):
 PSYoungGen      total 3584K, used 160K [0x00000000d5580000, 0x00000000d6100000, 0x0000000100000000)
  eden space 3072K, 0% used [0x00000000d5580000,0x00000000d5580000,0x00000000d5880000)
  from space 512K, 31% used [0x00000000d6080000,0x00000000d60a8000,0x00000000d6100000)
  to   space 512K, 0% used [0x00000000d6000000,0x00000000d6000000,0x00000000d6080000)
 ParOldGen       total 238080K, used 237925K [0x0000000080000000, 0x000000008e880000, 0x00000000d5580000)
  object space 238080K, 99% used [0x0000000080000000,0x000000008e859490,0x000000008e880000)
 Metaspace       used 70378K, committed 72064K, reserved 1114112K
  class space    used 7297K, committed 8000K, reserved 1048576K
}

