# JRE version: OpenJDK Runtime Environment Temurin-21.0.8+9 (21.0.8+9) (build 21.0.8+9-LTS)
# Java VM: OpenJDK 64-Bit Server VM Temurin-21.0.8+9 (21.0.8+9-LTS, mixed mode, sharing, tiered, compressed oops, compressed class ptrs, parallel gc, windows-amd64)
GC Precious Log:
 CardTable entry size: 512
 CPUs: 8 total, 8 available
 Memory: 7998M
 Large Page Support: Disabled
 NUMA Support: Disabled
 Compressed Oops: Enabled (32-bit)
 Alignments: Space 512K, Generation 512K, Heap 2M
 Heap Min Capacity: 100M
 Heap Initial Capacity: 100M
 Heap Max Capacity: 2G
 Pre-touch: Disabled
 Parallel Workers: 8
Heap:
 PSYoungGen      total 7168K, used 6980K [0x00000000d5580000, 0x00000000d5f80000, 0x0000000100000000)
  eden space 6144K, 100% used [0x00000000d5580000,0x00000000d5b80000,0x00000000d5b80000)
  from space 1024K, 81% used [0x00000000d5d80000,0x00000000d5e51210,0x00000000d5e80000)
  to   space 1024K, 0% used [0x00000000d5e80000,0x00000000d5e80000,0x00000000d5f80000)
 ParOldGen       total 310272K, used 309870K [0x0000000080000000, 0x0000000092f00000, 0x00000000d5580000)
  object space 310272K, 99% used [0x0000000080000000,0x0000000092e9b890,0x0000000092f00000)
 Metaspace       used 92725K, committed 94592K, reserved 1179648K
  class space    used 9196K, committed 10048K, reserved 1048576K
GC Heap History (20 events):
Event: 17229.093 GC heap before
{Heap before GC invocations=3862 (full 9):
 PSYoungGen      total 8192K, used 7542K [0x00000000d5580000, 0x00000000d6580000, 0x0000000100000000)
  eden space 5120K, 87% used [0x00000000d5580000,0x00000000d59e5938,0x00000000d5a80000)
  from space 3072K, 98% used [0x00000000d5a80000,0x00000000d5d78020,0x00000000d5d80000)
  to   space 5632K, 0% used [0x00000000d6000000,0x00000000d6000000,0x00000000d6580000)
 ParOldGen       total 295424K, used 294273K [0x0000000080000000, 0x0000000092080000, 0x00000000d5580000)
  object space 295424K, 99% used [0x0000000080000000,0x0000000091f60548,0x0000000092080000)
 Metaspace       used 92714K, committed 94592K, reserved 1179648K
  class space    used 9196K, committed 10048K, reserved 1048576K
}
Event: 17229.100 GC heap after
{Heap after GC invocations=3862 (full 9):
 PSYoungGen      total 8192K, used 1675K [0x00000000d5580000, 0x00000000d6200000, 0x0000000100000000)
  eden space 6144K, 0% used [0x00000000d5580000,0x00000000d5580000,0x00000000d5b80000)
  from space 2048K, 81% used [0x00000000d6000000,0x00000000d61a2cc8,0x00000000d6200000)
  to   space 3072K, 0% used [0x00000000d5c00000,0x00000000d5c00000,0x00000000d5f00000)
 ParOldGen       total 296960K, used 296633K [0x0000000080000000, 0x0000000092200000, 0x00000000d5580000)
  object space 296960K, 99% used [0x0000000080000000,0x00000000921ae568,0x0000000092200000)
 Metaspace       used 92714K, committed 94592K, reserved 1179648K
  class space    used 9196K, committed 10048K, reserved 1048576K
}
Event: 17229.236 GC heap before
{Heap before GC invocations=3863 (full 9):
 PSYoungGen      total 8192K, used 7749K [0x00000000d5580000, 0x00000000d6200000, 0x0000000100000000)
  eden space 6144K, 98% used [0x00000000d5580000,0x00000000d5b6e750,0x00000000d5b80000)
  from space 2048K, 81% used [0x00000000d6000000,0x00000000d61a2cc8,0x00000000d6200000)
  to   space 3072K, 0% used [0x00000000d5c00000,0x00000000d5c00000,0x00000000d5f00000)
 ParOldGen       total 296960K, used 296633K [0x0000000080000000, 0x0000000092200000, 0x00000000d5580000)
  object space 296960K, 99% used [0x0000000080000000,0x00000000921ae568,0x0000000092200000)
 Metaspace       used 92714K, committed 94592K, reserved 1179648K
  class space    used 9196K, committed 10048K, reserved 1048576K
}
Event: 17229.240 GC heap after
{Heap after GC invocations=3863 (full 9):
 PSYoungGen      total 9216K, used 3068K [0x00000000d5580000, 0x00000000d6880000, 0x0000000100000000)
  eden space 6144K, 0% used [0x00000000d5580000,0x00000000d5580000,0x00000000d5b80000)
  from space 3072K, 99% used [0x00000000d5c00000,0x00000000d5eff148,0x00000000d5f00000)
  to   space 6656K, 0% used [0x00000000d6200000,0x00000000d6200000,0x00000000d6880000)
 ParOldGen       total 299520K, used 299365K [0x0000000080000000, 0x0000000092480000, 0x00000000d5580000)
  object space 299520K, 99% used [0x0000000080000000,0x0000000092459438,0x0000000092480000)
 Metaspace       used 92714K, committed 94592K, reserved 1179648K
  class space    used 9196K, committed 10048K, reserved 1048576K
}
Event: 17229.314 GC heap before
{Heap before GC invocations=3864 (full 9):
 PSYoungGen      total 9216K, used 9212K [0x00000000d5580000, 0x00000000d6880000, 0x0000000100000000)
  eden space 6144K, 100% used [0x00000000d5580000,0x00000000d5b80000,0x00000000d5b80000)
  from space 3072K, 99% used [0x00000000d5c00000,0x00000000d5eff148,0x00000000d5f00000)
  to   space 6656K, 0% used [0x00000000d6200000,0x00000000d6200000,0x00000000d6880000)
 ParOldGen       total 299520K, used 299365K [0x0000000080000000, 0x0000000092480000, 0x00000000d5580000)
  object space 299520K, 99% used [0x0000000080000000,0x0000000092459438,0x0000000092480000)
 Metaspace       used 92714K, committed 94592K, reserved 1179648K
  class space    used 9196K, committed 10048K, reserved 1048576K
}
Event: 17229.319 GC heap after
{Heap after GC invocations=3864 (full 9):
 PSYoungGen      total 9728K, used 3189K [0x00000000d5580000, 0x00000000d6580000, 0x0000000100000000)
  eden space 6144K, 0% used [0x00000000d5580000,0x00000000d5580000,0x00000000d5b80000)
  from space 3584K, 88% used [0x00000000d6200000,0x00000000d651d4a8,0x00000000d6580000)
  to   space 4608K, 0% used [0x00000000d5c80000,0x00000000d5c80000,0x00000000d6100000)
 ParOldGen       total 303104K, used 302390K [0x0000000080000000, 0x0000000092800000, 0x00000000d5580000)
  object space 303104K, 99% used [0x0000000080000000,0x000000009274dab8,0x0000000092800000)
 Metaspace       used 92714K, committed 94592K, reserved 1179648K
  class space    used 9196K, committed 10048K, reserved 1048576K
}
Event: 17229.366 GC heap before
{Heap before GC invocations=3865 (full 9):
 PSYoungGen      total 9728K, used 9333K [0x00000000d5580000, 0x00000000d6580000, 0x0000000100000000)
  eden space 6144K, 100% used [0x00000000d5580000,0x00000000d5b80000,0x00000000d5b80000)
  from space 3584K, 88% used [0x00000000d6200000,0x00000000d651d4a8,0x00000000d6580000)
  to   space 4608K, 0% used [0x00000000d5c80000,0x00000000d5c80000,0x00000000d6100000)
 ParOldGen       total 303104K, used 302390K [0x0000000080000000, 0x0000000092800000, 0x00000000d5580000)
  object space 303104K, 99% used [0x0000000080000000,0x000000009274dab8,0x0000000092800000)
 Metaspace       used 92714K, committed 94592K, reserved 1179648K
  class space    used 9196K, committed 10048K, reserved 1048576K
}
Event: 17229.373 GC heap after
{Heap after GC invocations=3865 (full 9):
 PSYoungGen      total 8704K, used 2112K [0x00000000d5580000, 0x00000000d6280000, 0x0000000100000000)
  eden space 6144K, 0% used [0x00000000d5580000,0x00000000d5580000,0x00000000d5b80000)
  from space 2560K, 82% used [0x00000000d5c80000,0x00000000d5e90010,0x00000000d5f00000)
  to   space 3072K, 0% used [0x00000000d5f80000,0x00000000d5f80000,0x00000000d6280000)
 ParOldGen       total 305664K, used 305432K [0x0000000080000000, 0x0000000092a80000, 0x00000000d5580000)
  object space 305664K, 99% used [0x0000000080000000,0x0000000092a46070,0x0000000092a80000)
 Metaspace       used 92714K, committed 94592K, reserved 1179648K
  class space    used 9196K, committed 10048K, reserved 1048576K
}
Event: 17229.485 GC heap before
{Heap before GC invocations=3866 (full 9):
 PSYoungGen      total 8704K, used 8256K [0x00000000d5580000, 0x00000000d6280000, 0x0000000100000000)
  eden space 6144K, 100% used [0x00000000d5580000,0x00000000d5b80000,0x00000000d5b80000)
  from space 2560K, 82% used [0x00000000d5c80000,0x00000000d5e90010,0x00000000d5f00000)
  to   space 3072K, 0% used [0x00000000d5f80000,0x00000000d5f80000,0x00000000d6280000)
 ParOldGen       total 305664K, used 305432K [0x0000000080000000, 0x0000000092a80000, 0x00000000d5580000)
  object space 305664K, 99% used [0x0000000080000000,0x0000000092a46070,0x0000000092a80000)
 Metaspace       used 92714K, committed 94592K, reserved 1179648K
  class space    used 9196K, committed 10048K, reserved 1048576K
}
Event: 17229.491 GC heap after
{Heap after GC invocations=3866 (full 9):
 PSYoungGen      total 7168K, used 868K [0x00000000d5580000, 0x00000000d6080000, 0x0000000100000000)
  eden space 6144K, 0% used [0x00000000d5580000,0x00000000d5580000,0x00000000d5b80000)
  from space 1024K, 84% used [0x00000000d5f80000,0x00000000d6059210,0x00000000d6080000)
  to   space 1536K, 0% used [0x00000000d5d80000,0x00000000d5d80000,0x00000000d5f00000)
 ParOldGen       total 307712K, used 307440K [0x0000000080000000, 0x0000000092c80000, 0x00000000d5580000)
  object space 307712K, 99% used [0x0000000080000000,0x0000000092c3c080,0x0000000092c80000)
 Metaspace       used 92714K, committed 94592K, reserved 1179648K
  class space    used 9196K, committed 10048K, reserved 1048576K
}
Event: 17229.529 GC heap before
{Heap before GC invocations=3867 (full 9):
 PSYoungGen      total 7168K, used 7012K [0x00000000d5580000, 0x00000000d6080000, 0x0000000100000000)
  eden space 6144K, 100% used [0x00000000d5580000,0x00000000d5b80000,0x00000000d5b80000)
  from space 1024K, 84% used [0x00000000d5f80000,0x00000000d6059210,0x00000000d6080000)
  to   space 1536K, 0% used [0x00000000d5d80000,0x00000000d5d80000,0x00000000d5f00000)
 ParOldGen       total 307712K, used 307440K [0x0000000080000000, 0x0000000092c80000, 0x00000000d5580000)
  object space 307712K, 99% used [0x0000000080000000,0x0000000092c3c080,0x0000000092c80000)
 Metaspace       used 92714K, committed 94592K, reserved 1179648K
  class space    used 9196K, committed 10048K, reserved 1048576K
}
Event: 17229.532 GC heap after
{Heap after GC invocations=3867 (full 9):
 PSYoungGen      total 7680K, used 640K [0x00000000d5580000, 0x00000000d6000000, 0x0000000100000000)
  eden space 6144K, 0% used [0x00000000d5580000,0x00000000d5580000,0x00000000d5b80000)
  from space 1536K, 41% used [0x00000000d5d80000,0x00000000d5e20000,0x00000000d5f00000)
  to   space 1024K, 0% used [0x00000000d5f00000,0x00000000d5f00000,0x00000000d6000000)
 ParOldGen       total 308224K, used 308209K [0x0000000080000000, 0x0000000092d00000, 0x00000000d5580000)
  object space 308224K, 99% used [0x0000000080000000,0x0000000092cfc488,0x0000000092d00000)
 Metaspace       used 92714K, committed 94592K, reserved 1179648K
  class space    used 9196K, committed 10048K, reserved 1048576K
}
Event: 17231.307 GC heap before
{Heap before GC invocations=3868 (full 9):
 PSYoungGen      total 7680K, used 6784K [0x00000000d5580000, 0x00000000d6000000, 0x0000000100000000)
  eden space 6144K, 100% used [0x00000000d5580000,0x00000000d5b80000,0x00000000d5b80000)
  from space 1536K, 41% used [0x00000000d5d80000,0x00000000d5e20000,0x00000000d5f00000)
  to   space 1024K, 0% used [0x00000000d5f00000,0x00000000d5f00000,0x00000000d6000000)
 ParOldGen       total 308224K, used 308209K [0x0000000080000000, 0x0000000092d00000, 0x00000000d5580000)
  object space 308224K, 99% used [0x0000000080000000,0x0000000092cfc488,0x0000000092d00000)
 Metaspace       used 92719K, committed 94592K, reserved 1179648K
  class space    used 9196K, committed 10048K, reserved 1048576K
}
Event: 17231.311 GC heap after
{Heap after GC invocations=3868 (full 9):
 PSYoungGen      total 7168K, used 900K [0x00000000d5580000, 0x00000000d6000000, 0x0000000100000000)
  eden space 6144K, 0% used [0x00000000d5580000,0x00000000d5580000,0x00000000d5b80000)
  from space 1024K, 87% used [0x00000000d5f00000,0x00000000d5fe1210,0x00000000d6000000)
  to   space 1024K, 0% used [0x00000000d5e00000,0x00000000d5e00000,0x00000000d5f00000)
 ParOldGen       total 309248K, used 308785K [0x0000000080000000, 0x0000000092e00000, 0x00000000d5580000)
  object space 309248K, 99% used [0x0000000080000000,0x0000000092d8c670,0x0000000092e00000)
 Metaspace       used 92719K, committed 94592K, reserved 1179648K
  class space    used 9196K, committed 10048K, reserved 1048576K
}
Event: 17231.347 GC heap before
{Heap before GC invocations=3869 (full 9):
 PSYoungGen      total 7168K, used 7044K [0x00000000d5580000, 0x00000000d6000000, 0x0000000100000000)
  eden space 6144K, 100% used [0x00000000d5580000,0x00000000d5b80000,0x00000000d5b80000)
  from space 1024K, 87% used [0x00000000d5f00000,0x00000000d5fe1210,0x00000000d6000000)
  to   space 1024K, 0% used [0x00000000d5e00000,0x00000000d5e00000,0x00000000d5f00000)
 ParOldGen       total 309248K, used 308785K [0x0000000080000000, 0x0000000092e00000, 0x00000000d5580000)
  object space 309248K, 99% used [0x0000000080000000,0x0000000092d8c670,0x0000000092e00000)
 Metaspace       used 92719K, committed 94592K, reserved 1179648K
  class space    used 9196K, committed 10048K, reserved 1048576K
}
Event: 17231.350 GC heap after
{Heap after GC invocations=3869 (full 9):
 PSYoungGen      total 7168K, used 212K [0x00000000d5580000, 0x00000000d5f80000, 0x0000000100000000)
  eden space 6144K, 0% used [0x00000000d5580000,0x00000000d5580000,0x00000000d5b80000)
  from space 1024K, 20% used [0x00000000d5e00000,0x00000000d5e35200,0x00000000d5f00000)
  to   space 512K, 0% used [0x00000000d5f00000,0x00000000d5f00000,0x00000000d5f80000)
 ParOldGen       total 309248K, used 309161K [0x0000000080000000, 0x0000000092e00000, 0x00000000d5580000)
  object space 309248K, 99% used [0x0000000080000000,0x0000000092dea680,0x0000000092e00000)
 Metaspace       used 92719K, committed 94592K, reserved 1179648K
  class space    used 9196K, committed 10048K, reserved 1048576K
}
Event: 17231.374 GC heap before
{Heap before GC invocations=3870 (full 9):
 PSYoungGen      total 7168K, used 6356K [0x00000000d5580000, 0x00000000d5f80000, 0x0000000100000000)
  eden space 6144K, 100% used [0x00000000d5580000,0x00000000d5b80000,0x00000000d5b80000)
  from space 1024K, 20% used [0x00000000d5e00000,0x00000000d5e35200,0x00000000d5f00000)
  to   space 512K, 0% used [0x00000000d5f00000,0x00000000d5f00000,0x00000000d5f80000)
 ParOldGen       total 309248K, used 309161K [0x0000000080000000, 0x0000000092e00000, 0x00000000d5580000)
  object space 309248K, 99% used [0x0000000080000000,0x0000000092dea680,0x0000000092e00000)
 Metaspace       used 92719K, committed 94592K, reserved 1179648K
  class space    used 9196K, committed 10048K, reserved 1048576K
}
Event: 17231.376 GC heap after
{Heap after GC invocations=3870 (full 9):
 PSYoungGen      total 6656K, used 512K [0x00000000d5580000, 0x00000000d5f80000, 0x0000000100000000)
  eden space 6144K, 0% used [0x00000000d5580000,0x00000000d5580000,0x00000000d5b80000)
  from space 512K, 100% used [0x00000000d5f00000,0x00000000d5f80000,0x00000000d5f80000)
  to   space 1024K, 0% used [0x00000000d5d80000,0x00000000d5d80000,0x00000000d5e80000)
 ParOldGen       total 309760K, used 309350K [0x0000000080000000, 0x0000000092e80000, 0x00000000d5580000)
  object space 309760K, 99% used [0x0000000080000000,0x0000000092e19890,0x0000000092e80000)
 Metaspace       used 92719K, committed 94592K, reserved 1179648K
  class space    used 9196K, committed 10048K, reserved 1048576K
}
Event: 17232.088 GC heap before
{Heap before GC invocations=3871 (full 9):
 PSYoungGen      total 6656K, used 6656K [0x00000000d5580000, 0x00000000d5f80000, 0x0000000100000000)
  eden space 6144K, 100% used [0x00000000d5580000,0x00000000d5b80000,0x00000000d5b80000)
  from space 512K, 100% used [0x00000000d5f00000,0x00000000d5f80000,0x00000000d5f80000)
  to   space 1024K, 0% used [0x00000000d5d80000,0x00000000d5d80000,0x00000000d5e80000)
 ParOldGen       total 309760K, used 309350K [0x0000000080000000, 0x0000000092e80000, 0x00000000d5580000)
  object space 309760K, 99% used [0x0000000080000000,0x0000000092e19890,0x0000000092e80000)
 Metaspace       used 92719K, committed 94592K, reserved 1179648K
  class space    used 9196K, committed 10048K, reserved 1048576K
}
Event: 17232.091 GC heap after
{Heap after GC invocations=3871 (full 9):
 PSYoungGen      total 7168K, used 836K [0x00000000d5580000, 0x00000000d5f80000, 0x0000000100000000)
  eden space 6144K, 0% used [0x00000000d5580000,0x00000000d5580000,0x00000000d5b80000)
  from space 1024K, 81% used [0x00000000d5d80000,0x00000000d5e51210,0x00000000d5e80000)
  to   space 1024K, 0% used [0x00000000d5e80000,0x00000000d5e80000,0x00000000d5f80000)
 ParOldGen       total 310272K, used 309870K [0x0000000080000000, 0x0000000092f00000, 0x00000000d5580000)
  object space 310272K, 99% used [0x0000000080000000,0x0000000092e9b890,0x0000000092f00000)
 Metaspace       used 92719K, committed 94592K, reserved 1179648K
  class space    used 9196K, committed 10048K, reserved 1048576K
}

