# JRE version: Java(TM) SE Runtime Environment (24.0.1+9) (build 24.0.1+9-30)
# Java VM: Java HotSpot(TM) 64-Bit Server VM (24.0.1+9-30, mixed mode, sharing, tiered, compressed oops, compressed class ptrs, g1 gc, windows-amd64)
GC Precious Log:
 CardTable entry size: 512
 Card Set container configuration: InlinePtr #cards 5 size 8 Array Of Cards #cards 10 size 36 Howl #buckets 4 coarsen threshold 1843 Howl Bitmap #cards 512 size 80 coarsen threshold 460 Card regions per heap region 1 cards per card region 2048
 CPUs: 8 total, 8 available
 Memory: 7998M
 Large Page Support: Disabled
 NUMA Support: Disabled
 Compressed Oops: Enabled (32-bit)
 Heap Region Size: 1M
 Heap Min Capacity: 8M
 Heap Initial Capacity: 126M
 Heap Max Capacity: 2000M
 Pre-touch: Disabled
 Parallel Workers: 8
 Concurrent Workers: 2
 Concurrent Refinement Workers: 8
 Periodic GC: Disabled
Heap:
 garbage-first heap   total reserved 2048000K, committed 58368K, used 25139K [0x0000000083000000, 0x0000000100000000)
  region size 1024K, 3 young (3072K), 1 survivors (1024K)
 Metaspace       used 44450K, committed 45120K, reserved 1114112K
  class space    used 4909K, committed 5184K, reserved 1048576K
GC Heap History (20 events):
Event: 2538.338 GC heap before
{Heap before GC invocations=13 (full 0):
 garbage-first heap   total reserved 2048000K, committed 58368K, used 51301K [0x0000000083000000, 0x0000000100000000)
  region size 1024K, 25 young (25600K), 1 survivors (1024K)
 Metaspace       used 44452K, committed 44992K, reserved 1114112K
  class space    used 4948K, committed 5184K, reserved 1048576K
}
Event: 2538.435 GC heap after
{Heap after GC invocations=14 (full 0):
 garbage-first heap   total reserved 2048000K, committed 58368K, used 26620K [0x0000000083000000, 0x0000000100000000)
  region size 1024K, 1 young (1024K), 1 survivors (1024K)
 Metaspace       used 44452K, committed 44992K, reserved 1114112K
  class space    used 4948K, committed 5184K, reserved 1048576K
}
Event: 3476.454 GC heap before
{Heap before GC invocations=14 (full 0):
 garbage-first heap   total reserved 2048000K, committed 58368K, used 52220K [0x0000000083000000, 0x0000000100000000)
  region size 1024K, 26 young (26624K), 1 survivors (1024K)
 Metaspace       used 44550K, committed 45056K, reserved 1114112K
  class space    used 4948K, committed 5184K, reserved 1048576K
}
Event: 3476.594 GC heap after
{Heap after GC invocations=15 (full 0):
 garbage-first heap   total reserved 2048000K, committed 58368K, used 26210K [0x0000000083000000, 0x0000000100000000)
  region size 1024K, 1 young (1024K), 1 survivors (1024K)
 Metaspace       used 44550K, committed 45056K, reserved 1114112K
  class space    used 4948K, committed 5184K, reserved 1048576K
}
Event: 4434.954 GC heap before
{Heap before GC invocations=15 (full 0):
 garbage-first heap   total reserved 2048000K, committed 58368K, used 51810K [0x0000000083000000, 0x0000000100000000)
  region size 1024K, 26 young (26624K), 1 survivors (1024K)
 Metaspace       used 44584K, committed 45120K, reserved 1114112K
  class space    used 4948K, committed 5184K, reserved 1048576K
}
Event: 4437.307 GC heap after
{Heap after GC invocations=16 (full 0):
 garbage-first heap   total reserved 2048000K, committed 58368K, used 26208K [0x0000000083000000, 0x0000000100000000)
  region size 1024K, 1 young (1024K), 1 survivors (1024K)
 Metaspace       used 44584K, committed 45120K, reserved 1114112K
  class space    used 4948K, committed 5184K, reserved 1048576K
}
Event: 4471.850 GC heap before
{Heap before GC invocations=17 (full 0):
 garbage-first heap   total reserved 2048000K, committed 58368K, used 27232K [0x0000000083000000, 0x0000000100000000)
  region size 1024K, 2 young (2048K), 1 survivors (1024K)
 Metaspace       used 44449K, committed 45120K, reserved 1114112K
  class space    used 4909K, committed 5184K, reserved 1048576K
}
Event: 4472.257 GC heap after
{Heap after GC invocations=18 (full 0):
 garbage-first heap   total reserved 2048000K, committed 58368K, used 26208K [0x0000000083000000, 0x0000000100000000)
  region size 1024K, 1 young (1024K), 1 survivors (1024K)
 Metaspace       used 44449K, committed 45120K, reserved 1114112K
  class space    used 4909K, committed 5184K, reserved 1048576K
}
Event: 4507.336 GC heap before
{Heap before GC invocations=18 (full 0):
 garbage-first heap   total reserved 2048000K, committed 58368K, used 27232K [0x0000000083000000, 0x0000000100000000)
  region size 1024K, 2 young (2048K), 1 survivors (1024K)
 Metaspace       used 44450K, committed 45120K, reserved 1114112K
  class space    used 4909K, committed 5184K, reserved 1048576K
}
Event: 4507.341 GC heap after
{Heap after GC invocations=19 (full 0):
 garbage-first heap   total reserved 2048000K, committed 58368K, used 25393K [0x0000000083000000, 0x0000000100000000)
  region size 1024K, 1 young (1024K), 1 survivors (1024K)
 Metaspace       used 44450K, committed 45120K, reserved 1114112K
  class space    used 4909K, committed 5184K, reserved 1048576K
}
Event: 4542.279 GC heap before
{Heap before GC invocations=19 (full 0):
 garbage-first heap   total reserved 2048000K, committed 58368K, used 26417K [0x0000000083000000, 0x0000000100000000)
  region size 1024K, 2 young (2048K), 1 survivors (1024K)
 Metaspace       used 44450K, committed 45120K, reserved 1114112K
  class space    used 4909K, committed 5184K, reserved 1048576K
}
Event: 4542.287 GC heap after
{Heap after GC invocations=20 (full 0):
 garbage-first heap   total reserved 2048000K, committed 58368K, used 24906K [0x0000000083000000, 0x0000000100000000)
  region size 1024K, 1 young (1024K), 1 survivors (1024K)
 Metaspace       used 44450K, committed 45120K, reserved 1114112K
  class space    used 4909K, committed 5184K, reserved 1048576K
}
Event: 4576.721 GC heap before
{Heap before GC invocations=20 (full 0):
 garbage-first heap   total reserved 2048000K, committed 58368K, used 25930K [0x0000000083000000, 0x0000000100000000)
  region size 1024K, 2 young (2048K), 1 survivors (1024K)
 Metaspace       used 44450K, committed 45120K, reserved 1114112K
  class space    used 4909K, committed 5184K, reserved 1048576K
}
Event: 4576.728 GC heap after
{Heap after GC invocations=21 (full 0):
 garbage-first heap   total reserved 2048000K, committed 58368K, used 24528K [0x0000000083000000, 0x0000000100000000)
  region size 1024K, 1 young (1024K), 1 survivors (1024K)
 Metaspace       used 44450K, committed 45120K, reserved 1114112K
  class space    used 4909K, committed 5184K, reserved 1048576K
}
Event: 4611.570 GC heap before
{Heap before GC invocations=21 (full 0):
 garbage-first heap   total reserved 2048000K, committed 58368K, used 25552K [0x0000000083000000, 0x0000000100000000)
  region size 1024K, 2 young (2048K), 1 survivors (1024K)
 Metaspace       used 44450K, committed 45120K, reserved 1114112K
  class space    used 4909K, committed 5184K, reserved 1048576K
}
Event: 4611.574 GC heap after
{Heap after GC invocations=22 (full 0):
 garbage-first heap   total reserved 2048000K, committed 58368K, used 24117K [0x0000000083000000, 0x0000000100000000)
  region size 1024K, 1 young (1024K), 1 survivors (1024K)
 Metaspace       used 44450K, committed 45120K, reserved 1114112K
  class space    used 4909K, committed 5184K, reserved 1048576K
}
Event: 4646.706 GC heap before
{Heap before GC invocations=22 (full 0):
 garbage-first heap   total reserved 2048000K, committed 58368K, used 25141K [0x0000000083000000, 0x0000000100000000)
  region size 1024K, 2 young (2048K), 1 survivors (1024K)
 Metaspace       used 44450K, committed 45120K, reserved 1114112K
  class space    used 4909K, committed 5184K, reserved 1048576K
}
Event: 4646.712 GC heap after
{Heap after GC invocations=23 (full 0):
 garbage-first heap   total reserved 2048000K, committed 58368K, used 24112K [0x0000000083000000, 0x0000000100000000)
  region size 1024K, 1 young (1024K), 1 survivors (1024K)
 Metaspace       used 44450K, committed 45120K, reserved 1114112K
  class space    used 4909K, committed 5184K, reserved 1048576K
}
Event: 4681.682 GC heap before
{Heap before GC invocations=24 (full 0):
 garbage-first heap   total reserved 2048000K, committed 58368K, used 25136K [0x0000000083000000, 0x0000000100000000)
  region size 1024K, 2 young (2048K), 1 survivors (1024K)
 Metaspace       used 44450K, committed 45120K, reserved 1114112K
  class space    used 4909K, committed 5184K, reserved 1048576K
}
Event: 4681.684 GC heap after
{Heap after GC invocations=25 (full 0):
 garbage-first heap   total reserved 2048000K, committed 58368K, used 24115K [0x0000000083000000, 0x0000000100000000)
  region size 1024K, 1 young (1024K), 1 survivors (1024K)
 Metaspace       used 44450K, committed 45120K, reserved 1114112K
  class space    used 4909K, committed 5184K, reserved 1048576K
}

