# JRE version: Java(TM) SE Runtime Environment (21.0.8+12) (build 21.0.8+12-LTS-250)
# Java VM: Java HotSpot(TM) 64-Bit Server VM (21.0.8+12-LTS-250, mixed mode, sharing, tiered, compressed oops, compressed class ptrs, g1 gc, windows-amd64)
GC Precious Log:
 CardTable entry size: 512
 Card Set container configuration: InlinePtr #cards 5 size 8 Array Of Cards #cards 12 size 40 Howl #buckets 4 coarsen threshold 1843 Howl Bitmap #cards 512 size 80 coarsen threshold 460 Card regions per heap region 1 cards per card region 2048
 CPUs: 8 total, 8 available
 Memory: 7998M
 Large Page Support: Disabled
 NUMA Support: Disabled
 Compressed Oops: Enabled (32-bit)
 Heap Region Size: 1M
 Heap Min Capacity: 8M
 Heap Initial Capacity: 126M
 Heap Max Capacity: 2000M
 Pre-touch: Disabled
 Parallel Workers: 8
 Concurrent Workers: 2
 Concurrent Refinement Workers: 8
 Periodic GC: Disabled
Heap:
 garbage-first heap   total 51200K, used 19440K [0x0000000083000000, 0x0000000100000000)
  region size 1024K, 7 young (7168K), 3 survivors (3072K)
 Metaspace       used 25189K, committed 25600K, reserved 1114112K
  class space    used 3159K, committed 3328K, reserved 1048576K
GC Heap History (8 events):
Event: 32.364 GC heap before
{Heap before GC invocations=0 (full 0):
 garbage-first heap   total 129024K, used 24576K [0x0000000083000000, 0x0000000100000000)
  region size 1024K, 23 young (23552K), 0 survivors (0K)
 Metaspace       used 5140K, committed 5376K, reserved 1114112K
  class space    used 585K, committed 704K, reserved 1048576K
}
Event: 32.401 GC heap after
{Heap after GC invocations=1 (full 0):
 garbage-first heap   total 129024K, used 7925K [0x0000000083000000, 0x0000000100000000)
  region size 1024K, 3 young (3072K), 3 survivors (3072K)
 Metaspace       used 5140K, committed 5376K, reserved 1114112K
  class space    used 585K, committed 704K, reserved 1048576K
}
Event: 38.467 GC heap before
{Heap before GC invocations=1 (full 0):
 garbage-first heap   total 129024K, used 36597K [0x0000000083000000, 0x0000000100000000)
  region size 1024K, 32 young (32768K), 3 survivors (3072K)
 Metaspace       used 12760K, committed 13184K, reserved 1114112K
  class space    used 1718K, committed 1920K, reserved 1048576K
}
Event: 38.505 GC heap after
{Heap after GC invocations=2 (full 0):
 garbage-first heap   total 129024K, used 10793K [0x0000000083000000, 0x0000000100000000)
  region size 1024K, 3 young (3072K), 3 survivors (3072K)
 Metaspace       used 12760K, committed 13184K, reserved 1114112K
  class space    used 1718K, committed 1920K, reserved 1048576K
}
Event: 40.549 GC heap before
{Heap before GC invocations=2 (full 0):
 garbage-first heap   total 129024K, used 47657K [0x0000000083000000, 0x0000000100000000)
  region size 1024K, 41 young (41984K), 3 survivors (3072K)
 Metaspace       used 21169K, committed 21504K, reserved 1114112K
  class space    used 2643K, committed 2816K, reserved 1048576K
}
Event: 40.567 GC heap after
{Heap after GC invocations=3 (full 0):
 garbage-first heap   total 129024K, used 14078K [0x0000000083000000, 0x0000000100000000)
  region size 1024K, 6 young (6144K), 6 survivors (6144K)
 Metaspace       used 21169K, committed 21504K, reserved 1114112K
  class space    used 2643K, committed 2816K, reserved 1048576K
}
Event: 46.357 GC heap before
{Heap before GC invocations=4 (full 0):
 garbage-first heap   total 51200K, used 38654K [0x0000000083000000, 0x0000000100000000)
  region size 1024K, 30 young (30720K), 6 survivors (6144K)
 Metaspace       used 24392K, committed 24768K, reserved 1114112K
  class space    used 3031K, committed 3200K, reserved 1048576K
}
Event: 46.375 GC heap after
{Heap after GC invocations=5 (full 0):
 garbage-first heap   total 51200K, used 16368K [0x0000000083000000, 0x0000000100000000)
  region size 1024K, 3 young (3072K), 3 survivors (3072K)
 Metaspace       used 24392K, committed 24768K, reserved 1114112K
  class space    used 3031K, committed 3200K, reserved 1048576K
}

